<?xml version="1.0" encoding="UTF-8"?>
<!-- Generated by org.testng.reporters.JUnitReportReporter -->
<testsuite name="com.cruk.forms.tests.SspValidFormSubmission" tests="1" time="6.979" ignored="0" failures="0" timestamp="05 Jul 2018 15:12:17 GMT" skipped="0" hostname="DESKTOP-E347TUA" errors="0">
  <testcase name="ssp_fillInYourDetailsPage" time="6.979" classname="com.cruk.forms.tests.SspValidFormSubmission"/>
</testsuite> <!-- com.cruk.forms.tests.SspValidFormSubmission -->
