<?xml version="1.0" encoding="UTF-8"?>
<!-- Generated by org.testng.reporters.JUnitReportReporter -->
<testsuite skipped="0" hostname="DESKTOP-E347TUA" name="com.cruk.forms.tests.SspValidFormSubmission" tests="1" failures="0" timestamp="12 Jul 2018 22:59:12 GMT" time="5.820" errors="0">
  <testcase name="ssp_fillInYourDetailsPage" time="5.820" classname="com.cruk.forms.tests.SspValidFormSubmission"/>
</testsuite> <!-- com.cruk.forms.tests.SspValidFormSubmission -->
